<?xml version="1.0" encoding="UTF-8"?>
<!-- Generated by org.testng.reporters.JUnitReportReporter -->
<testsuite skipped="0" hostname="AMOJAGTA-3D084" name="RestDemo.Tests_GET" tests="1" failures="0" timestamp="22 Oct 2020 05:56:40 GMT" time="9.823" errors="0">
  <testcase name="test_1" time="9.823" classname="RestDemo.Tests_GET"/>
</testsuite> <!-- RestDemo.Tests_GET -->
