<?xml version="1.0" encoding="UTF-8"?>
<!-- Generated by org.testng.reporters.JUnitReportReporter -->
<testsuite skipped="0" hostname="AMOJAGTA-3D084" name="RestDemo.Test01_Get" tests="2" failures="0" timestamp="21 Oct 2020 09:47:07 GMT" time="9.048" errors="0">
  <testcase name="test_02" time="3.340" classname="RestDemo.Test01_Get"/>
  <testcase name="test_01" time="5.708" classname="RestDemo.Test01_Get"/>
</testsuite> <!-- RestDemo.Test01_Get -->
