<?xml version="1.0" encoding="UTF-8"?>
<!-- Generated by org.testng.reporters.JUnitReportReporter -->
<testsuite skipped="0" hostname="AMOJAGTA-3D084" name="RestDemo.Tests_POST" tests="1" failures="0" timestamp="22 Oct 2020 09:44:10 GMT" time="5.551" errors="0">
  <testcase name="test_4_delete" time="5.551" classname="RestDemo.Tests_POST"/>
</testsuite> <!-- RestDemo.Tests_POST -->
