<?xml version="1.0" encoding="UTF-8"?>
<!-- Generated by org.testng.reporters.JUnitReportReporter -->
<testsuite skipped="0" hostname="AMOJAGTA-3D084" name="RestDemo.DataDrivenExample" tests="1" failures="0" timestamp="22 Oct 2020 10:12:17 GMT" time="6.168" errors="0">
  <testcase name="test_3_delete2" time="6.168" classname="RestDemo.DataDrivenExample"/>
</testsuite> <!-- RestDemo.DataDrivenExample -->
